Drill report for connector-pcb.kicad_pcb
Created on Tue Apr 11 19:54:40 2023

Copper Layer Stackup:
    =============================================================
    L1 :  F.Cu                      front
    L2 :  In1.Cu                    in1
    L3 :  In2.Cu                    in2
    L4 :  B.Cu                      back


Drill file 'connector-pcb.drl' contains
    plated through holes:
    =============================================================
    T1  0.400mm  0.0157"  (122 holes)
    T2  0.500mm  0.0197"  (16 holes)
    T3  1.000mm  0.0394"  (98 holes)
    T4  3.200mm  0.1260"  (2 holes)

    Total plated holes count 238


Not plated through holes are merged with plated holes
    unplated through holes:
    =============================================================

    Total unplated holes count 0
